Testsuite: com.zju.huangyh.repair.localization.TestLRU
Tests run: 6, Failures: 3, Errors: 0, Skipped: 0, Time elapsed: 0.04 sec

Testcase: testUse(com.zju.huangyh.repair.localization.TestLRU):	FAILED
expected:<1> but was:<-1>
junit.framework.AssertionFailedError: expected:<1> but was:<-1>
	at com.zju.huangyh.repair.localization.TestLRU.testUse(TestLRU.java:48)


Testcase: testOverwriteUse(com.zju.huangyh.repair.localization.TestLRU):	FAILED
expected:<4> but was:<-1>
junit.framework.AssertionFailedError: expected:<4> but was:<-1>
	at com.zju.huangyh.repair.localization.TestLRU.testOverwriteUse(TestLRU.java:70)


Testcase: testSetGet(com.zju.huangyh.repair.localization.TestLRU):	FAILED
expected:<1> but was:<-1>
junit.framework.AssertionFailedError: expected:<1> but was:<-1>
	at com.zju.huangyh.repair.localization.TestLRU.testSetGet(TestLRU.java:25)


